<?xml version="1.0" encoding="UTF-8"?>
<testsuite name="EinarbeitungsProjekt"
           tests="14"
           failures="0"
           errors="0"
           skipped="0"
           time="17,760">
    <properties></properties>



            <testcase
                name="ShoppingCardClickTest"
                time="1,625"
                classname="Testcase.CheckoutTest">
            </testcase>
            <testcase
                name="successOrderTest"
                time="2,031"
                classname="Testcase.CheckoutTest">
            </testcase>
            <testcase
                name="ShippingMethodTest"
                time="0,601"
                classname="Testcase.CheckoutTest">
            </testcase>
            <testcase
                name="AddBook1ToCartTest"
                time="2,666"
                classname="Testcase.CheckoutTest">
            </testcase>
            <testcase
                name="UpdateCartTest"
                time="1,778"
                classname="Testcase.CheckoutTest">
            </testcase>
            <testcase
                name="ShippingAddressTest"
                time="0,591"
                classname="Testcase.CheckoutTest">
            </testcase>
            <testcase
                name="EstimateShippingTest"
                time="3,185"
                classname="Testcase.CheckoutTest">
            </testcase>
            <testcase
                name="BillingAddressTest"
                time="0,600"
                classname="Testcase.CheckoutTest">
            </testcase>
            <testcase
                name="PreisBook2"
                time="0,351"
                classname="Testcase.CheckoutTest">
            </testcase>
            <testcase
                name="PaymentMethodTest"
                time="0,600"
                classname="Testcase.CheckoutTest">
            </testcase>
            <testcase
                name="AddBook2ToCartTest"
                time="2,131"
                classname="Testcase.CheckoutTest">
            </testcase>
            <testcase
                name="PreisBook1"
                time="0,357"
                classname="Testcase.CheckoutTest">
            </testcase>
            <testcase
                name="PaymentInformationTest"
                time="0,648"
                classname="Testcase.CheckoutTest">
            </testcase>
            <testcase
                name="ConfirmOrderTest"
                time="0,596"
                classname="Testcase.CheckoutTest">
            </testcase>
</testsuite>
