<?xml version="1.0" encoding="UTF-8"?>
<testsuite name="EinarbeitungsProjekt"
           tests="6"
           failures="0"
           errors="0"
           skipped="0"
           time="11,595">
    <properties></properties>



            <testcase
                name="UpdateCartTest"
                time="3,301"
                classname="Testcase.ArtikelKaufenTest">
            </testcase>
            <testcase
                name="PreisBook1"
                time="0,362"
                classname="Testcase.ArtikelKaufenTest">
            </testcase>
            <testcase
                name="AddBook2ToCartTest"
                time="2,141"
                classname="Testcase.ArtikelKaufenTest">
            </testcase>
            <testcase
                name="AddBook1ToCartTest"
                time="2,771"
                classname="Testcase.ArtikelKaufenTest">
            </testcase>
            <testcase
                name="PreisBook2"
                time="0,382"
                classname="Testcase.ArtikelKaufenTest">
            </testcase>
            <testcase
                name="ShoppingCardClickTest"
                time="2,638"
                classname="Testcase.ArtikelKaufenTest">
            </testcase>
</testsuite>
