<?xml version="1.0" encoding="UTF-8"?>
<testsuite name="EinarbeitungsProjekt"
           tests="14"
           failures="0"
           errors="0"
           skipped="0"
           time="20,795">
    <properties></properties>



            <testcase
                name="PreisBook2"
                time="0,367"
                classname="Testcase.CheckoutTest">
            </testcase>
            <testcase
                name="BillingAddressTest"
                time="1,100"
                classname="Testcase.CheckoutTest">
            </testcase>
            <testcase
                name="PreisBook1"
                time="0,367"
                classname="Testcase.CheckoutTest">
            </testcase>
            <testcase
                name="ShippingMethodTest"
                time="1,101"
                classname="Testcase.CheckoutTest">
            </testcase>
            <testcase
                name="AddBook1ToCartTest"
                time="2,710"
                classname="Testcase.CheckoutTest">
            </testcase>
            <testcase
                name="ConfirmOrderTest"
                time="1,088"
                classname="Testcase.CheckoutTest">
            </testcase>
            <testcase
                name="ShippingAddressTest"
                time="1,105"
                classname="Testcase.CheckoutTest">
            </testcase>
            <testcase
                name="PaymentInformationTest"
                time="1,155"
                classname="Testcase.CheckoutTest">
            </testcase>
            <testcase
                name="PaymentMethodTest"
                time="1,097"
                classname="Testcase.CheckoutTest">
            </testcase>
            <testcase
                name="EstimateShippingTest"
                time="3,168"
                classname="Testcase.CheckoutTest">
            </testcase>
            <testcase
                name="UpdateCartTest"
                time="1,701"
                classname="Testcase.CheckoutTest">
            </testcase>
            <testcase
                name="successOrderTest"
                time="2,024"
                classname="Testcase.CheckoutTest">
            </testcase>
            <testcase
                name="ShoppingCardClickTest"
                time="1,665"
                classname="Testcase.CheckoutTest">
            </testcase>
            <testcase
                name="AddBook2ToCartTest"
                time="2,147"
                classname="Testcase.CheckoutTest">
            </testcase>
</testsuite>
