<?xml version="1.0" encoding="UTF-8"?>
<testsuite name="EinarbeitungsProjekt"
           tests="6"
           failures="0"
           errors="0"
           skipped="0"
           time="11,659">
    <properties></properties>



            <testcase
                name="AddBook1ToCartTest"
                time="2,790"
                classname="Testcase.ArtikelKaufenTest">
            </testcase>
            <testcase
                name="VerifyPreisBook1"
                time="0,406"
                classname="Testcase.ArtikelKaufenTest">
            </testcase>
            <testcase
                name="VerifyPreisBook2"
                time="0,387"
                classname="Testcase.ArtikelKaufenTest">
            </testcase>
            <testcase
                name="AddBook2ToCartTest"
                time="2,215"
                classname="Testcase.ArtikelKaufenTest">
            </testcase>
            <testcase
                name="UpdateCartTest"
                time="3,161"
                classname="Testcase.ArtikelKaufenTest">
            </testcase>
            <testcase
                name="ShoppingCardClickTest"
                time="2,700"
                classname="Testcase.ArtikelKaufenTest">
            </testcase>
</testsuite>
