<?xml version="1.0" encoding="UTF-8"?>
<testsuite name="EinarbeitungsProjekt"
           tests="14"
           failures="0"
           errors="0"
           skipped="0"
           time="17,287">
    <properties></properties>



            <testcase
                name="PaymentMethodTest"
                time="0,589"
                classname="Testcase.CheckoutTest">
            </testcase>
            <testcase
                name="AddBook1ToCartTest"
                time="2,575"
                classname="Testcase.CheckoutTest">
            </testcase>
            <testcase
                name="successOrderTest"
                time="2,040"
                classname="Testcase.CheckoutTest">
            </testcase>
            <testcase
                name="PreisBook1"
                time="0,329"
                classname="Testcase.CheckoutTest">
            </testcase>
            <testcase
                name="UpdateCartTest"
                time="1,683"
                classname="Testcase.CheckoutTest">
            </testcase>
            <testcase
                name="PaymentInformationTest"
                time="0,643"
                classname="Testcase.CheckoutTest">
            </testcase>
            <testcase
                name="AddBook2ToCartTest"
                time="2,131"
                classname="Testcase.CheckoutTest">
            </testcase>
            <testcase
                name="BillingAddressTest"
                time="0,593"
                classname="Testcase.CheckoutTest">
            </testcase>
            <testcase
                name="ShoppingCardClickTest"
                time="1,557"
                classname="Testcase.CheckoutTest">
            </testcase>
            <testcase
                name="PreisBook2"
                time="0,327"
                classname="Testcase.CheckoutTest">
            </testcase>
            <testcase
                name="ConfirmOrderTest"
                time="0,609"
                classname="Testcase.CheckoutTest">
            </testcase>
            <testcase
                name="EstimateShippingTest"
                time="3,033"
                classname="Testcase.CheckoutTest">
            </testcase>
            <testcase
                name="ShippingAddressTest"
                time="0,589"
                classname="Testcase.CheckoutTest">
            </testcase>
            <testcase
                name="ShippingMethodTest"
                time="0,589"
                classname="Testcase.CheckoutTest">
            </testcase>
</testsuite>
