<?xml version="1.0" encoding="UTF-8"?>
<testng-results ignored="1" total="1" passed="0" failed="0" skipped="0">
  <reporter-output>
  </reporter-output>
  <suite started-at="2021-12-13T14:15:57 MEZ" name="All Test Suite" finished-at="2021-12-13T14:15:57 MEZ" duration-ms="6">
    <groups>
    </groups>
    <test started-at="2021-12-13T14:15:57 MEZ" name="Login Test" finished-at="2021-12-13T14:15:57 MEZ" duration-ms="6">
      <class name="Testcase.LoginTest">
        <test-method is-config="true" signature="StartDriver(java.lang.String)[pri:0, instance:Testcase.LoginTest@25e8eba3]" started-at="2021-12-13T14:15:54 MEZ" name="StartDriver" finished-at="2021-12-13T14:15:57 MEZ" duration-ms="3039" status="PASS">
          <params>
            <param index="0">
              <value>
                <![CDATA[chrome]]>
              </value>
            </param>
          </params>
          <reporter-output>
          </reporter-output>
        </test-method> <!-- StartDriver -->
        <test-method is-config="true" signature="QuitDriver()[pri:0, instance:Testcase.LoginTest@25e8eba3]" started-at="2021-12-13T14:15:57 MEZ" name="QuitDriver" finished-at="2021-12-13T14:16:00 MEZ" duration-ms="3218" status="PASS">
          <reporter-output>
          </reporter-output>
        </test-method> <!-- QuitDriver -->
      </class> <!-- Testcase.LoginTest -->
    </test> <!-- Login Test -->
  </suite> <!-- All Test Suite -->
</testng-results>
